# Additional_Sites_Whitelist.txt
# Additional Sites you may want to whitelist for full functionality
# 1/21/2021

# DNSSTUFF
.dnsstuff.com # DNSSTUFF NETWORKSTUFF
www.dnsstuff.com # DNSSTUFF NETWORKSTUFF

# Riverbed
.riverbed.com # riverbed
.api.licensing.riverbed.com # riverbed
api.licensing.riverbed.com # riverbed
riverbed.com # riverbed

# Unifi
.trace.svc.ui.com # Unifi
ui.com # Unifi
unms.com # Unifi Network Management System
pro.ip-api.com # WifiMan

# GOV Sites
.usajobs.gov # USAJobs
.usastaffing.gov # USAJobs
cdc.gov # CDC

# Security Based Sites
.virustotal.com # Virustotal
keystone.mwbsys.com # Malware Server
www.malc0de.com # MalC0de_Blocklists
someonewhocares.org # Dan Pollocks Homepage

# Car Sites
chevrolet.com # Chevrolet

# Chat
discord.com # Required for discord access
www.discord.com # Required for discord access

# Nvidia
gfwsl.geforce.com # Geforce Updates

# Image Hosting Sites
brightcove.net
giphy.com # Giphy
gravatar.com # custom login pictures
i.imgur.com # Imgur
placehold.it # Image Placeholder
unsplash.com # Image Hoster

# GitLab
gitlab.com # gitlaB
.gitlab.com # Gitlab Opensource_Content
www.gitlab.com # gitlaB

# WordPress
s1.wp.com # wordpress
wordpress.com # Wordpress
wp.com # Wordpress

# Video Hosting Sites
secure.brightcove.com # Brightcove Video Platform
vimeo.com # Vimeo
img.vidible.tv # Videos on times.com and nydailynews.com
vidtech.cbsinteractive.com # CBS

# Survey Monkey
secure.surveymonkey.com # Survey Monkey
surveymonkey.com # Survey Monkey

# DIY Sites
www.lifehacker.com # Guides
www.stackoverflow.com # Stack Overflow	
www.userbenchmark.com # Userbenchmark
stackoverflow.com # StackOverflow

# NTP
us.pool.ntp.org # NTP Pool Project
time.nist.gov # National Institute of Standards and Technology
0.pfsense.ntp.org # pfSense
time-a-g.nist.gov # National Institute of Standards and Technology
0.north-america.pool.ntp.org # NTP Pool Project

# confidently
confidently.chargebee.com

# Others
cl.exct.net # (salesforce) required for some sites' acct recovery emails
stats.uptimerobot.com # UptimeRobot
syandus.com # Syandus
tracking-protection.cdn.mozilla.net # Mozilla
urldefense.proofpoint.com # Proofpoint
use-application-dns.net # DoH Prevention
wikipedia.org # Wikipedia



# Adobe_Products_Whitelist.txt
# Adobe Sites you may want to whitelist for full functionality
# 1/17/2021

entitlement.auth.adobe.com # Adobe
dpm.demdex.net # Adobe
fpdownload.adobe.com # Adobe
sp.auth.adobe.com # Adobe
sstats.adobe.com # adobe stock# Amazon_Products_Whitelist.txt
# Amazon Sites you may want to whitelist for full functionality
# 1/17/2021

# Alexa
.control.kochava.com # alexa 2
.fls-na.amazon.com # alexa
aax-eu.amazon-adsystem.com  # Alexa App Install
amazonadsi-a.akamaihd.net # Alexa App Install
api.amazonalexa.com # Alexa
avs-alexa-1-na.amazon.com # Required for alexa
avs-alexa-10-na.amazon.com # Required for alexa
avs-alexa-11-na.amazon.com # Required for alexa
avs-alexa-12-na.amazon.com # Required for alexa
avs-alexa-13-na.amazon.com # Required for alexa
avs-alexa-14-na.amazon.com # Required for alexa
avs-alexa-15-na.amazon.com # Required for alexa
avs-alexa-16-na.amazon.com # Required for alexa
avs-alexa-17-na.amazon.com # Required for alexa
avs-alexa-18-na.amazon.com # Required for alexa
avs-alexa-2-na.amazon.com # Required for alexa
avs-alexa-3-na.amazon.com # Required for alexa
avs-alexa-4-na.amazon.com # Required for alexa
avs-alexa-5-na.amazon.com # Required for alexa
avs-alexa-6-na.amazon.com # Required for alexa
avs-alexa-7-na.amazon.com # Required for alexa
avs-alexa-8-na.amazon.com # Required for alexa
avs-alexa-9-na.amazon.com # Required for alexa
avs.eu.amazonalexa.com # Alexa
cortana-gateway.amazon.com # Alexa
d3p8zr0ffa9t17.cloudfront.net # Alexa

# Amazon
.amazon-adsystem.com # amazon app ads
.bs.serving-sys.com # amazon app 5
.pixel.adsafeprotected.com # amazon app 4
.px.moatads.com # amazon app 2
.secure-gl.imrworldwide.com # amazon app 3
amazon.com # amazon
amazonaws.com # Amazon
arcus-uswest.amazon.com # Amazon
d1s31zyz7dcc2d.cloudfront.net # Amazon Updates
d21m0ezw6fosyw.cloudfront.net # Amazon Updates
d2n99fpfeqbnhk.cloudfront.net # Amazon Updates
d3a510xmpll7o6.cloudfront.net # Amazon Updates
d3h5bk8iotgjvw.cloudfront.net # Amazon Updates
d3uf8d0lloeluq.cloudfront.net # Amazon Updates
d63r8xi1zu867.cloudfront.net # Amazon Updates
dcape-na.amazon.com # Amazon
device-metrics-us-2.amazon.com # Amazon
dr49lng3n1n2s.cloudfront.net # AmazonAWS_Management
msh.amazon.co.uk  # Alexa App Install
s3-1.amazonaws.com # Amazon
s3.amazonaws.com # Amazon
softwareupdates.amazon.com # Amazon Updates
www.amazon.com # amazon

# Twitch
s.amazon-adsystem.com # twitch
c.amazon-adsystem.com # twitch
cdn-gl.imrworldwide.com # twitch
countess.twitch.tv # twitch
pubsub-edge.twitch.tv # twitch

# AWS
www.dr49lng3n1n2s.cloudfront.net # AmazonAWS_Management# Apple_Products_Whitelist.txt
# Apple Sites you may want to whitelist for full functionality
# 1/21/2021

appleid.apple.com # Apple ID
ax.phobos.apple.com.edgesuite.net
captive.apple.com # iOS/Apple
gsp-ssl.ls.apple.com # Apple Weather
gsp-ssl.ls-apple.com.akadns.net # Apple Weather
gsp1.apple.com # Apple Connectivity tester
icloud.com # icloud
itunes.apple.com # itunes
ocsp.apple.com # Apple Certificate Validation
s.mzstatic.com # iTunes
www.apple.com # iOS/Apple
www.appleiphonecell.com # iOS/Apple
www.icloud.com # iCloud# CDN_Products_Whitelist.txt
# CDN Sites you may want to whitelist for full functionality
# 1/19/2021

# Akamai
akamaihd.net # Akamai CDN
akamaitechnologies.com # Akamai CDN
akamaized.net # Akamai CDN
widget-cdn.rpxnow.com # Used as a sign in method in various apps and sites

# Cloudflare
cdn.cloudflare.net # Used to deliver static files over CloudFlare CDN
cdnjs.cloudflare.com # Used to deliver static files over CloudFlare CDN

# Opensource
jsdelivr.net # Opensource CDN# Crypto_Products_Whitelist.txt
# Crypto Sites you may want to whitelist for full functionality
# 1/22/2021

# Bitcoin
.bitcoin.org # Bitcoin

# Coinbase
.coinbase.com # Coinbase Wallet

# Mining
.coinmarketcap.com # Crypto Market tracker
.miningrigrentals.com # MiningRigRentals
.simplemining.net # Mining_Controller
.whattomine.com # Whattomine
simplemining.net # Mining_Controller

# Nicehash
.status.nicehash.com # Nicehash
.stratum.usa-west.nicehash.com # Nicehash
.stratum.usa-east.nicehash.com # Nicehash
.stratum.usa.nicehash.com # Nicehash
api.nicehash.com # Nicehash
api2.nicehash.com # Nicehash
.usa-west.nicehash.com # Nicehash us-west
.usa-east.nicehash.com # Nicehash us-west
.usa.nicehash.com # Nicehash us
nhmws.nicehash.com # NiceHash
static.nicehash.com # NiceHash
www.api2.nicehash.com # Nicehash
www.nhmws.nicehash.com # NiceHash
www.nicehash.com # Nicehash Main site
www.static.nicehash.com # NiceHash

# Shapeshift
www.shapeshift.io # Shapeshift Wallet
shapeshift.io # Shapeshift Wallet
www.connect.trezor.io # Shapeshift.com
connect.trezor.io # Shapeshift.com

# Bitpay
bitpay.com # Bitcoin Payments
www.bitpay.com # Bitcoin Payments

# Mysterium
stun.l.google.com # Required for Mysterium VPN
stun1.l.google.com # Required for Mysterium VPN
stun2.l.google.com # Required for Mysterium VPN
QuaLITY.mYstERIUM.netWoRK # Mysterium QA# Education_Products_Whitelist.txt
# Education Sites you may want to whitelist for full functionality
# 1/20/2021

# Walden University
.content.laureate.net # Walden University
.waldenu.edu # Walden University
class.content.laureate.net # Walden University
waldenu.edu # Walden University

# WGU
secure-lti.wguassessment.com # Required for WGU
wgu.examity.com # WGU Testing

# Schoology
.learnosity.com # schoology
.schoology.com # school
s3.amazonaws.com/assets.learnosity.com # schoology
s3.amazonaws.com/learnositymediaprocessed # schoology
shared.learnosity.com # schoology

# PearsonVue
.pearson.com # PearsonVue
.pearsonvue.com # PearsonVue
.pndsn.com # PearsonVue
.proctorcam.com # PearsonVue
.programworkshop.com # PearsonVue
.pubnub.com # PearsonVue
.pubnubapi.com # PearsonVue
.pvue2.com # PearsonVue
.starttest.com # PearsonVue
.starttest2.com # PearsonVue
.twilio.com # PearsonVue
.wowza.com # PearsonVue# Facebook_Products_Whitelist.txt
# Facebook Sites you may want to whitelist for full functionality
# 1/17/2021

# Facebook
api.facebook.com # Facebook
b-api.facebook.com # Facebook
b-graph.facebook.com # facebook
cdn.fbsbx.com # Facebook
connect.facebook.com # Facebook
connect.facebook.net # Facebook
cf-st.sc-cdn.net # SnapChat
creative.ak.fbcdn.net # Facebook
edge-mqtt.facebook.com # Facebook
external-arn2-1.xx.fbcdn.net # Facebook
external-cph2-1.xx.fbcdn.net # Facebook
external-lhr0-1.xx.fbcdn.net # Facebook
external-lhr1-1.xx.fbcdn.net # Facebook
external-lhr10-1.xx.fbcdn.net # Facebook
external-lhr2-1.xx.fbcdn.net # Facebook
external-lhr3-1.xx.fbcdn.net # Facebook
external-lhr4-1.xx.fbcdn.net # Facebook
external-lhr5-1.xx.fbcdn.net # Facebook
external-lhr6-1.xx.fbcdn.net # Facebook
external-lhr7-1.xx.fbcdn.net # Facebook
external-lhr8-1.xx.fbcdn.net # Facebook
external-lhr9-1.xx.fbcdn.net # Facebook
external.xx.fbcdn.net # Facebook
facebook.com # facebook
fb.me bigzipfiles.facebook.com # Facebook
fbcdn-creative-a.akamaihd.net # Facebook
l.facebook.com # Facebook
limited-prod.giphy.map.fastly.net # Facebook
m.facebook.com # Facebook
media.tenor.co # Facebook
media0.giphy.com # Facebook
media1.giphy.com # Facebook
media2.giphy.com # Facebook
media3.giphy.com # Facebook
mqtt-mini.facebook.com # Facebook
mqtt.c10r.facebook.com # Facebook
scontent-cph2-1.xx.fbcdn.net # Facebook
scontent-lhr3-1.xx.fbcdn.net # Facebook
scontent.fgdl5-1.fna.fbcdn.net # Facebook
scontent.xx.fbcdn.net # Facebook
star-mini.c10r.facebook.com # Facebook
star.c10r.facebook.com # Facebook
star.facebook.com # Facebook
upload.facebook.com # Facebook
upload.messenger.com # Facebook
web.facebook.com # Facebook
www.facebook.com # Facebook
www.messenger.com # Facebook
graph.facebook.com # Facebook
portal.fb.com # Facebook
rupload.facebook.com # Facebook
res.cloudinary.com # Facebook image upload
video-cph2-1.xx.fbcdn.net # Facebook
scontent-arn2-1.xx.fbcdn.net # Facebook

# Facebook Messenger
edge-chat.facebook.com # Facebook
edge-chat.messenger.com # facebook Messenger
scontent-atl3-1.xx.fbcdn.net # facebook Messenger
messenger.com # Facebook Messenger
static.xx.fbcdn.net # facebook Messenger
video.xx.fbcdn.net # facebook Messenger

# Snapchat
sc-analytics.appspot.com # SnapChat
app-analytics.snapchat.com # SnapChat



# Financial_Products_Whitelist.txt
# Financial Sites you may want to whitelist for full functionality
# 1/17/2021

# Armed Forces Bank
.afbank.com # Armed Forces Bank
.secure.afbank.com # Armed Forces Bank
afbank.com # Armed Forces Bank
secure.afbank.com # Armed Forces Bank

# Bank Of America
www.bankofamerica.com # Bank Of America

# MarketWatch
widget-cdn.rpxnow.com # Market Watch Images

# Paypal
www.paypal.com # Paypal# Google_Products_Whitelist.txt
# Google Sites you may want to whitelist for full functionality
# 1/21/2021

# Google
.docs.google.com # GDocs
.drive.google.com # GDrive
.forms.gle # Google Forms
0.client-channel.google.com # Google
accounts.google.com # Google
ad.atdmt.com # Google Search Results
appsbackup-pa.clients6.google.com # Google
appsbackup-pa.googleapis.com # Google
appspot-preview.l.google.com # Google
clients1.google.com # Google
clients2.google.com # Google
clients3.google.com # Google
clients4.google.com # Google
clients5.google.com # Google
clients6.google.com # Google
cse.google.com # Google
dl.google.com # google Chrome update on Linux
docs.google.com # google docs
firestore.googleapis.com
fonts.gstatic.com
forms.gle # Google Forms
goo.gl # URL Shortners
google.com # Just Google
googleads.g.doubleclick.net # Google Search Results
googleadservices.com # Google Search Results
googleapis.com # Google
googleapis.l.google.com # Gmail
gstatic.com # Google Static Content
gstaticadssl.l.google.com # Google Fonts
reminders-pa.googleapis.com
www.docs.google.com # google docs
www.google.com # Google
www.googleapis.com # Google

# Youtube
cws.conviva.com # Youtube Watch History
device-provisioning.googleapis.com # required for youtubeapp
i.ytimg.com # Youtube
i1.ytimg.com # Youtube
manifest.googlevideo.com # Youtube
oauthaccountmanager.googleapis.com # required for youtubeapp
pings.conviva.com # Youtube Watch History
redirector.googlevideo.com # Youtube
s.youtube.com # Youtube
s.ytimg.com # Youtube
s2.youtube.com # youtube
video-stats.l.google.com # Youtube
www.youtube-nocookie.com # Youtube
www.youtube.com # Youtube
youtu.be # youtube
youtube-nocookie.com # youtube
youtube-ui.l.google.com # CNAME for (youtube.com)
youtube.com # Youtube
youtubei.googleapis.com # required for youtubeapp
yt3.ggpht.com # youtube
zee.cws.conviva.com # Youtube Watch History

# Android
2.android.pool.ntp.org # android timing
android.clients.google.com # google play store
android.googleapis.com # androids
connectivitycheck.android.com
connectivitycheck.gstatic.com
redirector.gvt1.com # android TV# Linux_Products_Whitelist.txt
# Linux Sites you may want to whitelist for full functionality
# 1/17/2021

# Ubuntu
.canonical.com # Ubuntu_Updates
api.snapcraft.io # Ubuntu_Updates
banjo.canonical.com # Ubuntu# Media_Products_Whitelist.txt
# Media Sites you may want to whitelist for full functionality
# 1/22/2021

# Plex
app.plex.tv # Plex
cpms.spop10.ams.plex.bz # plex
cpms35.spop10.ams.plex.bz # Plex
dashboard.plex.tv # Plex
fanart.tv # Plex fanart
meta-db-worker02.pop.ric.plex.bz # Plex
meta.plex.bz # Plex
meta.plex.tv # Plex
metrics.plex.tv # Plex
my.plexapp.com # Plex
nine.plugins.plexapp.com # Plex
node.plexapp.com # Plex
o1.email.plex.tv # Plex
o2.sg0.plex.tv # Plex
plex.tv # Plex
proxy.plex.bz # plex
proxy.plex.tv # plex
proxy02.pop.ord.plex.bz # plex
pubsub.plex.bz # plex
pubsub.plex.tv # plex
staging.plex.tv # Plex
status.plex.tv # Plex
traffic.libsyn.com # Plex Podcasts
traffic.megaphone.fm # Plex Podcasts
tvdb2.plex.tv # Plex
tvthemes.plexapp.com # Plex
tvthemes.plexapp.com.cdn.cloudflare.net # Plex
ws.audioscrobbler.com # Plex Last.fm
www.plex.tv # Plex
www.traffic.megaphone.fm # Required for Plex Podcasts

# ESPN
a.espncdn.com # ESPN
a1.espncdn.com # ESPN
a2.espncdn.com # ESPN
cdn1.espn.net # ESPN CDN
entitlement.auth.adobe.com # WatchESPN
fpdownload.adobe.com # WatchESPN
livepassdl.conviva.com # WatchESPN
media.video-cdn.espn.com # ESPN
www.espn.com # espn

# Adult Swim Videos on Amazon Firestick
pmd.cdn.turner.com
i.cdn.turner.com
s.cdn.turner.com
z.cdn.turner.com
amd.cdn.turner.com

# DirectTV Now
js.maxmind.com
directvnow.com
directvapplications.hb.omtrdc.net
s.zkcdn.net

# Hulu
assets.huluim.com # Hulu
cws-hulu.conviva.com # Hulu
cws.conviva.com # Hulu
vortex.hulu.com # Hulu
www.ads-v-darwin.hulustream.com # Hulu

# Spotify
api-partner.spotify.com # Spotify
api-spotify.com # Spotify
api-tv.spotify.com # spotify on TV
apresolve.spotify.com # Spotify
ash-dealer.spotify.com # Spotify
ash.weblb-wg.dual-gslb.spotify.com # Spotify
audio-fa.spotify.com # Spotify
audio-sp-fra2.pscdn.co # Spotify's Anti-Adveritsing blocking servers
audio-sp.spotify.com # Spotify
dealer-ssl.spotify.com # Spotify
dealer.spotify.com # Spotify
dns1.p07.nsone.net # Spotify's Anti-Adveritsing blocking servers
dns2.p07.nsone.net # Spotify's Anti-Adveritsing blocking servers
dns3.p07.nsone.net # Spotify's Anti-Adveritsing blocking servers
dns4.p07.nsone.net # Spotify's Anti-Adveritsing blocking servers
gcdn.2mdn.net # Spotify's Anti-Adveritsing blocking servers
geo3.ggpht.com # Spotify
gew1-accesspoint-b-zzfg.ap.spotify.com # Spotify's Anti-Adveritsing blocking servers
gslb.spotify.com # Spotify
i.scdn.co # Spotify on TV album covers
ns1.p23.dynect.net # Spotify's Anti-Adveritsing blocking servers
ns3.p23.dynect.net # Spotify's Anti-Adveritsing blocking servers
ns4.p23.dynect.net # Spotify's Anti-Adveritsing blocking servers
o.scdn.co # Spotify on TV more images
open.scdn.co # Spotify
open.spotify.com # Spotify Web Player
play.spotify.com # Spotify Web Player
r9---sn-n4v7kn76.c.2mdn.net # Spotify's Anti-Adveritsing blocking servers
redirector.gvt1.com # Spotify
spclient.spotify.com # Spotify
spclient.wg.spotify.com # Spotify
sto3.spotify.com # Spotify
tv.scdn.co # Spotify on TV
wg.spotify.com # Spotify

# Netflix
api-global.netflix.com
appboot.netflix.com
secure.netflix.com

# Pluto.tv
images.pluto.tv
stitcher.pluto.tv
siloh.pluto.tv
silo.pluto.tv
cdn-mobile.api.pluto.tv
api.pluto.tv
players.pluto.tv

# Tidal
firebaseremoteconfig.googleapis.com # Required for Tidal
sp-ad-cf.audio.tidal.com # Required for Tidal
www.firebaseremoteconfig.googleapis.com # Required for Tidal
www.sp-ad-cf.audio.tidal.com # Required for Tidal

# Sonarr
apt.sonarr.tv # Sonarr
download.sonarr.tv # Sonarr
forums.sonarr.tv # Sonarr
services.sonarr.tv # Sonarr
skyhook.sonarr.tv # Sonarr

# Fox News
widget-cdn.rpxnow.com

# Paramount Plus
cbsinteractive.hb.omtrdc.net
paramountplus.com
www.paramountplus.com

# TEDTalks
app-api.ted.com # TEDTalks
hls.ted.com # TEDTalks
tedcdn.com # TEDTalks

# MSNBC
snappytvpoc-vh.akamaihd.net # Video Player

# Fox News
widget-cdn.rpxnow.com

# Weather.com
v.w-x.co # Videos on weather.com

# Other Sites
.themoviedb.org # themoviedatabase
api.themoviedb.org/ # TheMovieDB
lastfm-img2.akamaized.net # Last.fm
themoviedb.com # metadata for movies
themoviedb.org #themoviedatabase
thetvdb.com # metadata for tv series
ws.audioscrobbler.com# Microsoft_Products_Whitelist.txt
# Microsoft Sites you may want to whitelist for full functionality
# 1/22/2021

# Microsoft
ars.smartscreen.microsoft.com # Microsoft
aspnetcdn.com # Microsoft AJAX CDN
browser.pipe.aria.microsoft.com
c.s-microsoft.com # Microsoft
clientconfig.passport.net # Used in Windows Store
client-s.gateway.messenger.live.com # live messaging
client.wns.windows.com # Microsoft Store
continuum.dds.microsoft.com
definitionupdates.microsoft.com # Microsoft Security Center
displaycatalog.mp.microsoft.com # Microsoft Store
dl.delivery.mp.microsoft.com # Microsoft Store
dmd.metaservices.microsoft.com # Microsoft
dmd.metaservices.microsoft.com.akadns.net # Microsoft
dns.msftncsi.com # Microsoft
fe3.delivery.dsp.mp.microsoft.com.nsatc.net # Microsoft
fs.microsoft.com # Microsoft
geo-prod.do.dsp.mp.microsoft.com # Microsoft Store
go.microsoft.com # Microsoft
i.s-microsoft.com # Microsoft
ipv6.msftncsi.com # microsoft connectivity tester
licensing.mp.microsoft.com # Minecraft
licensing.xboxlive.com # Xbox
licensingphone.mp.microsoft.com # Microsoft
live.com # Microsoft
login.live.com # Microsoft
login.microsoftonline.com # Microsoft
login.microsoftonline.us # Required for Army_Web_Mail
login.msa.akadns6.net # Microsoft
microsoft.com # Microsoft
microsoftonline.com # Microsoft
minecraftprod.rtep.msgamestudios.com # Minecraft
mobile.pipe.aria.microsoft.com # Microsoft
msedge.api.cdp.microsoft.com # Microsoft Edge Updates
msftconnecttest.com # Windows Connection Tester
msftncsi.com # Microsoft Connectivity tester
nexus.officeapps.live.com # Microsoft
nexusrules.officeapps.live.com # Microsoft
prod.msocdn.com # Microsoft
self.events.data.microsoft.com # Microsoft
settings-win.data.microsoft.com # Microsoft
settings.data.microsoft.com # Microsoft
sfdataservice.microsoft.com # Microsoft
sls.update.microsoft.com # Microsoft
sls.update.microsoft.com.akadns.net # Microsoft
smartscreen-sn3p.smartscreen.microsoft.com # Microsoft
storeedgefd.dsx.mp.microsoft.com # Microsoft Store
support.microsoft.com # Microsoft
tlu.dl.delivery.mp.microsoft.com # Microsoft Store
unitedstates.smartscreen-prod.microsoft.com # Microsoft
v10.vortex-win.data.microsoft.com
vortex.data.microsoft.com # Microsoft
wdcp.microsoft.com # Microsoft
win10.ipv6.microsoft.com # Microsoft_Updates
www.client.hip.live.com # needed to setup microsoft live account
www.msftconnecttest.com # Windows Connection Tester
www.msftncsi.com # Microsoft Connectivity tester
dns.msftncsi.com # Connectivity tested

# Microsoft Office
office.com # Microsoft Office
office.net # Microsoft Office
office365.com # Microsoft Office
officeclient.microsoft.com # Microsoft Office
products.office.com # Microsoft office
forms.office.com # Office

# Microsoft Onedrive
onedrive.live.com # Microsoft Onedrive
1drv.com # short link for OneDrive documents

# Microsoft Outlook
outlook.live.com # Microsoft Outlook
outlook.office365.com # Microsoft Outlook
s.gateway.messenger.live.com # Microsoft outlook wont load without this cookie

# Xbox
activity.windows.com # xbox
arc.msn.com # xbox
attestation.xboxlive.com # Xbox
cert.mgt.xboxlive.com # Xbox updates, game downloads, acheivements unlocking etc
clientconfig.passport.net # Xbox Live
ctldl.windowsupdate.com
def-vef.xboxlive.com # Xbox
device.auth.xboxlive.com # Xbox
eds.xboxlive.com # Xbox updates, game downloads, acheivements unlocking etc
help.ui.xboxlive.com # Xbox
licensing.xboxlive.com
notify.xboxlive.com # Xbox
settings-win.data.microsoft.com
skype.com # Skype and xbox chat
title.auth.xboxlive.com # Xbox
title.mgt.xboxlive.com # Xbox
v10.events.data.microsoft.com # Xbox Live
v10.vortex-win.data.microsoft.com # Xbox
v20.events.data.microsoft.com # xbox
www.msftncsi.com
www.xboxlive.com # Xbox
xbox.ipv6.microsoft.com # Xbox
xboxab.com # Xbox
xboxexperiencesprod.experimentation.xboxlive.com
xflight.xboxlive.com # Xbox
xkms.xbolive.com # Xbox
xkms.xboxlive.com
xsts.auth.xboxlive.com # Xbox

# Windows Updates
ctldl.windowsupdate.com # Windows Updates

# Bing_Maps
t0.ssl.ak.dynamic.tiles.virtualearth.net # Bing Maps
t0.ssl.ak.tiles.virtualearth.net # Bing Maps
ecn.dev.virtualearth.net # Bing_Maps
dev.virtualearth.net # Bing_Maps

# Skype
pricelist.skype.com # Skype
ui.skype.com # Skype
apps.skype.com # Used to make group calls, group chats etc. on Skype

# Github
g.live.com # bitlocker recovery
github.com # Github Opensource_Content
github.io # Github Opensource_Content
github.map.fastly.net # CNAME for (raw.githubusercontent.com)
raw.githubusercontent.com # github

# Linkedin
linkedin.com # Linkedin

# Hotmail
m.hotmail.com # Hotmail

#Sharepoint
sharepoint.com # Sharepoint# Online_Games_Whitelist.txt
# Online Game Sites you may want to whitelist for full functionality
# 1/19/2021

# Steam
.store.steampowered.com # Steam
cdn.highwinds.cs.steampowered.com # Steam
media.steampowered.com # Steam
steam.com # Steam
valve555.steamcontent.com # Steam
valve564.steamcontent.com # Steam
valve564.steamcontent.com # Steam
www.level3.cdn.steampipe.steamcontent.com # Steam
www.media.steampowered.com # Steam
www.valve555.steamcontent.com # Steam
www.valve564.steamcontent.com # Steam
www.valve564.steamcontent.com # Steam

# Origin_Games
.heartbeat.dm.origin.com # Origin_Games
cloudsync-prod.s3.amazonaws.com # origion Saved Games
download.dm.origin.com # Origin_Games
secure.download.dm.origin.com # Origin_Games

# EA
pin-river.data.ea.com # EA
river.data.ea.com # EA
ea.com # Game Content Delivery

# Others
.nick.com # Kids Games
.pbskids.org # Kids Games
cdn.optimizely.com # Game Content Delivery
cdn2.optimizely.com # Game Content Delivery
cdn3.optimizely.com # Game Content Delivery
pkskids.org # pbs kids
tracking.epicgames.com # Epic Games
tracking.epicgames.com # Epic Games

# Grand Theft Auto V Online PC
# Since March blocking Rockstar telemetry seems to crash GTAOnline.
# Unblocking the domain fixed crashing for people at GTA Forums
prod.telemetry.ros.rockstargames.com # GTA V Online# Proton_Products_Whitelist.txt
# Proton Products you may want to whitelist for full functionality
# 1/20/2021

# Proton Mail
account.protonmail.com
mail.protonmail.com
protonmail.com
account-api.protonmail.com
account.protonmail.com

# Proton VPN
account.protonvpn.com
api.protonvpn.ch
protonvpn.com
account-api.protonvpn.com
account.protonvpn.com
api.protonvpn.ch# Online_Games_Whitelist.txt
# Online Game Sites you may want to whitelist for full functionality
# 1/19/2021

# Target
www.target.com # target
weeklyad.target.com # Target Email Ads
weeklyad.target.com.edgesuite.net # Target Email Ads
m.weeklyad.target.com # Target Ads

# Other Sites
cdn.shopify.com # Required for dottiecouture
hotels.com # Hotels search
login.aliexpress.com # Aliexpress
oldnavy.gap.com # oldnavy
s.shopify.com # Shopify
secure-oldnavy.gap.com # oldnavy
www.assets.adobedtm.com # OliveGarden_online
www.cdn.shopify.com # dottiecouture
www.ds-aksb-a.akamaihd.net # olivegarden
www.priceline.com # travel shopping
www.v2.zopim.com # Required for brandymelvilleusa.com
zulily.com # Zulily Store# Social_Media_Whitelist.txt
# Social Media Sites you may want to whitelist for full functionality
# 1/22/2021

# Twitter
pbs.twimg.com # twitter images
twimg.com # Twitter
twitter.com # Twitter
upload.twitter.com # Twitter posts
www.pbs.twimg.com # twitter images
api.twitter.com
mobile.twitter.com # Twitter app
www.twitter.com # Twitter

# Pinterest
pinterest.com # Pinterest

# Reddit
reddit-uploaded-media.s3-accelerate.amazonaws.com
reddit.com
reddit.map.fastly.net
styles.redditmedia.com
www.redditmedia.com
www.redditstatic.com# Sony_Products_Whitelist.txt
# Sony Product Sites you may want to whitelist for full functionality
# 1/19/2021

# PlayStation
account.np.ac.playstation.net # PlayStation
id.sonyentertainmentnetwork.com # PlayStation
post.net.playstation.net # PlayStation
ps4-system.sec.np.dl.playstation.net # PlayStation
ps4updptl.uk.np.community.playstation.net # PlayStation
sonyentertainmentnetwork.com # PlayStation
www.account.np.ac.playstation.net # PlayStation
www.id.sonyentertainmentnetwork.com # PlayStation
www.post.net.playstation.net # PlayStation
www.ps4-system.sec.np.dl.playstation.net # PlayStation
www.ps4updptl.uk.np.community.playstation.net # PlayStation
www.sonyentertainmentnetwork.com # PlayStation# Storage_Products_Whitelist.txt
# Storage Products Sites you may want to whitelist for full functionality
# 1/17/2021

dl.dropbox.com # Dropbox
dl.dropboxusercontent.com # Dropbox
dropbox.com # Dropbox
ns1.dropbox.com # Dropbox
ns2.dropbox.com # Dropbox
www.dropbox-dns.com # CNAME for (dropbox.com)
www.dropbox.com # Dropbox# URL_Shortners_Whitelist.txt
# URL Shortner Sites you may want to whitelist for full functionality
# 1/22/2021


bit.ly # URL Shortners
j.mp # URL Shortners
ow.ly # URL Shortners
tinyurl.com # URL Shortners
www.bit.ly # URL Shortners
amzn.to #amazon URL shortner
amzn.com #amazon URL shortner# Yahoo_Products_Whitelist.txt
# Yahoo Product Sites you may want to whitelist for full functionality
# 1/19/2021

# Yahoo
login.yahoo.com # Yahoo
yahoo.com # Yahoo

# Yahoo Email
.mail.yahoo.com # yahoo email
imap.mail.yahoo.com # yahoo email
mail.yahoo.com # yahoo email
pop.mail.yahoo.com # yahoo email
smtp.mail.yahoo.com # yahoo email